<?xml version="1.0" encoding="UTF-8"?>
<testsuites name="Test TS" time="267.932" tests="5" failures="1" errors="0">
   <testsuite name="Test TS" tests="5" failures="1" errors="0" time="267.932" skipped="0" timestamp="2023-11-03 15:54:22" hostname="Hasnul - DESKTOP-PMPE6DF" id="Test Suites/Katalon Training Day 2/Test TS">
      <properties>
         <property name="deviceName" value=""/>
         <property name="devicePlatform" value=""/>
         <property name="logFolder" value="C:\\Users\\Hasnul\\Katalon Studio\\My First Desktop Project\\Reports\\20231103_155416\\Katalon Training Day 2\\Test TS\\20231103_155416"/>
         <property name="logFiles" value="C:\\Users\\Hasnul\\Katalon Studio\\My First Desktop Project\\Reports\\20231103_155416\\Katalon Training Day 2\\Test TS\\20231103_155416\\execution0.log"/>
         <property name="attachments" value="C:\\Users\\Hasnul\\Katalon Studio\\My First Desktop Project\\Reports\\20231103_155416\\Katalon Training Day 2\\Test TS\\20231103_155416\\1698998161056.png, C:\\Users\\Hasnul\\Katalon Studio\\My First Desktop Project\\Reports\\20231103_155416\\Katalon Training Day 2\\Test TS\\20231103_155416\\1698998161324.png, C:\\Users\\Hasnul\\Katalon Studio\\My First Desktop Project\\Reports\\20231103_155416\\Katalon Training Day 2\\Test TS\\20231103_155416\\1698998220767.png, C:\\Users\\Hasnul\\Katalon Studio\\My First Desktop Project\\Reports\\20231103_155416\\Katalon Training Day 2\\Test TS\\20231103_155416\\1698998220890.png, C:\\Users\\Hasnul\\Katalon Studio\\My First Desktop Project\\Reports\\20231103_155416\\Katalon Training Day 2\\Test TS\\20231103_155416\\1698998300194.png"/>
         <property name="hostName" value="Hasnul - DESKTOP-PMPE6DF"/>
         <property name="os" value="Windows 10 64bit"/>
         <property name="katalonVersion" value="8.6.8.208"/>
         <property name="browser" value="Chrome 118.0.0.0"/>
         <property name="hostAddress" value="192.168.56.1"/>
         <property name="sessionId" value="dd68564d253eafda4bc5f1897253248e"/>
         <property name="seleniumVersion" value="3.141.59"/>
         <property name="proxyInformation" value="ProxyInformation { proxyOption=NO_PROXY, proxyServerType=HTTP, username=, password=********, proxyServerAddress=, proxyServerPort=0, executionList=&quot;&quot;, isApplyToDesiredCapabilities=true }"/>
         <property name="platform" value="Windows 10"/>
      </properties>
      <testcase name="Test Cases/Day 02 - Training Day/Exercise 1/TC01 - Login Functionality" time="17.377" classname="Test Cases/Day 02 - Training Day/Exercise 1/TC01 - Login Functionality" status="PASSED">
         <system-out><![CDATA[2023-11-03 15:54:22 - [TEST_CASE][PASSED] - Test Cases/Day 02 - Training Day/Exercise 1/TC01 - Login Functionality: Test Cases/Day 02 - Training Day/Exercise 1/TC01 - Login Functionality

2023-11-03 15:54:23 - [TEST_STEP][PASSED] - openBrowser(""): Browser is opened with url: ''

2023-11-03 15:54:24 - [MESSAGE][INFO] - Starting 'Chrome' driver

2023-11-03 15:54:24 - [MESSAGE][INFO] - Action delay is set to 0 milliseconds

2023-11-03 15:54:27 - [MESSAGE][PASSED] - Browser is opened with url: ''

2023-11-03 15:54:27 - [TEST_STEP][PASSED] - navigateToUrl(url): Navigate to 'https://cms.demo.katalon.com/' successfully

2023-11-03 15:54:32 - [MESSAGE][PASSED] - Navigate to 'https://cms.demo.katalon.com/' successfully

2023-11-03 15:54:32 - [TEST_STEP][PASSED] - maximizeWindow(): Current window maximized

2023-11-03 15:54:32 - [MESSAGE][PASSED] - Current window maximized

2023-11-03 15:54:32 - [TEST_STEP][PASSED] - click(findTestObject("Object Repository/Katalon Shop (Ecommerce)/Page_Katalon Shop  Katalon Ecommerce/a_My account")): Object: 'Object Repository/Katalon Shop (Ecommerce)/Page_Katalon Shop  Katalon Ecommerce/a_My account' is clicked on

2023-11-03 15:54:34 - [MESSAGE][PASSED] - Object: 'Object Repository/Katalon Shop (Ecommerce)/Page_Katalon Shop  Katalon Ecommerce/a_My account' is clicked on

2023-11-03 15:54:34 - [TEST_STEP][PASSED] - setText(findTestObject("Object Repository/Katalon Shop (Ecommerce)/Page_My account  Katalon Shop/input__username"), username): Text 'customer' is set on object 'Object Repository/Katalon Shop (Ecommerce)/Page_My account  Katalon Shop/input__username'

2023-11-03 15:54:35 - [MESSAGE][PASSED] - Text 'customer' is set on object 'Object Repository/Katalon Shop (Ecommerce)/Page_My account  Katalon Shop/input__username'

2023-11-03 15:54:35 - [TEST_STEP][PASSED] - setEncryptedText(findTestObject("Object Repository/Katalon Shop (Ecommerce)/Page_My account  Katalon Shop/input__password"), password): Text ****** has been set on object 'Object Repository/Katalon Shop (Ecommerce)/Page_My account  Katalon Shop/input__password'

2023-11-03 15:54:36 - [MESSAGE][PASSED] - Text ****** has been set on object 'Object Repository/Katalon Shop (Ecommerce)/Page_My account  Katalon Shop/input__password'

2023-11-03 15:54:36 - [TEST_STEP][PASSED] - click(findTestObject("Object Repository/Katalon Shop (Ecommerce)/Page_My account  Katalon Shop/input__rememberme")): Object: 'Object Repository/Katalon Shop (Ecommerce)/Page_My account  Katalon Shop/input__rememberme' is clicked on

2023-11-03 15:54:37 - [MESSAGE][PASSED] - Object: 'Object Repository/Katalon Shop (Ecommerce)/Page_My account  Katalon Shop/input__rememberme' is clicked on

2023-11-03 15:54:37 - [TEST_STEP][PASSED] - click(findTestObject("Object Repository/Katalon Shop (Ecommerce)/Page_My account  Katalon Shop/button_Log in")): Object: 'Object Repository/Katalon Shop (Ecommerce)/Page_My account  Katalon Shop/button_Log in' is clicked on

2023-11-03 15:54:39 - [MESSAGE][PASSED] - Object: 'Object Repository/Katalon Shop (Ecommerce)/Page_My account  Katalon Shop/button_Log in' is clicked on

2023-11-03 15:54:39 - [TEST_STEP][PASSED] - verifyElementPresent(findTestObject("Object Repository/Katalon Shop (Ecommerce)/Page_My account  Katalon Shop/p_Hello KatalonLover (not KatalonLover Log out)"), 0): Object 'Object Repository/Katalon Shop (Ecommerce)/Page_My account  Katalon Shop/p_Hello KatalonLover (not KatalonLover Log out)' is present

2023-11-03 15:54:39 - [MESSAGE][WARNING] - Timeout '0' is invalid. Using default page load timeout: '30'

2023-11-03 15:54:40 - [MESSAGE][PASSED] - Object 'Object Repository/Katalon Shop (Ecommerce)/Page_My account  Katalon Shop/p_Hello KatalonLover (not KatalonLover Log out)' is present]]></system-out>
         <system-err><![CDATA[]]></system-err>
      </testcase>
      <testcase name="Test Cases/Day 02 - Training Day/Exercise 1/TC02 - Search Functionality" time="22.091" classname="Test Cases/Day 02 - Training Day/Exercise 1/TC02 - Search Functionality" status="PASSED">
         <system-out><![CDATA[2023-11-03 15:54:40 - [TEST_CASE][PASSED] - Test Cases/Day 02 - Training Day/Exercise 1/TC02 - Search Functionality: Test Cases/Day 02 - Training Day/Exercise 1/TC02 - Search Functionality

2023-11-03 15:54:40 - [TEST_STEP][PASSED] - callTestCase(findTestCase("Day 02 - Training Day/Exercise 1/TC01 - Login Functionality"), ["url":"https://cms.demo.katalon.com/", "name":"customer", "password":"fcttOx1e+dws0mP0AWb2uMRTnZbRfS0W"], STOP_ON_FAILURE): Call Test Case 'Test Cases/Day 02 - Training Day/Exercise 1/TC01 - Login Functionality' successfully

2023-11-03 15:54:41 - [TEST_CASE][PASSED] - Test Cases/Day 02 - Training Day/Exercise 1/TC01 - Login Functionality: Test Cases/Day 02 - Training Day/Exercise 1/TC01 - Login Functionality

2023-11-03 15:54:41 - [TEST_STEP][PASSED] - openBrowser(""): Browser is opened with url: ''

2023-11-03 15:54:41 - [MESSAGE][WARNING] - A browser is already opened. Closing browser and opening a new one

2023-11-03 15:54:41 - [MESSAGE][INFO] - Starting 'Chrome' driver

2023-11-03 15:54:41 - [MESSAGE][INFO] - Action delay is set to 0 milliseconds

2023-11-03 15:54:43 - [MESSAGE][PASSED] - Browser is opened with url: ''

2023-11-03 15:54:43 - [TEST_STEP][PASSED] - navigateToUrl(url): Navigate to 'https://cms.demo.katalon.com/' successfully

2023-11-03 15:54:48 - [MESSAGE][PASSED] - Navigate to 'https://cms.demo.katalon.com/' successfully

2023-11-03 15:54:48 - [TEST_STEP][PASSED] - maximizeWindow(): Current window maximized

2023-11-03 15:54:48 - [MESSAGE][PASSED] - Current window maximized

2023-11-03 15:54:48 - [TEST_STEP][PASSED] - click(findTestObject("Object Repository/Katalon Shop (Ecommerce)/Page_Katalon Shop  Katalon Ecommerce/a_My account")): Object: 'Object Repository/Katalon Shop (Ecommerce)/Page_Katalon Shop  Katalon Ecommerce/a_My account' is clicked on

2023-11-03 15:54:50 - [MESSAGE][PASSED] - Object: 'Object Repository/Katalon Shop (Ecommerce)/Page_Katalon Shop  Katalon Ecommerce/a_My account' is clicked on

2023-11-03 15:54:50 - [TEST_STEP][PASSED] - setText(findTestObject("Object Repository/Katalon Shop (Ecommerce)/Page_My account  Katalon Shop/input__username"), username): Text 'customer' is set on object 'Object Repository/Katalon Shop (Ecommerce)/Page_My account  Katalon Shop/input__username'

2023-11-03 15:54:51 - [MESSAGE][PASSED] - Text 'customer' is set on object 'Object Repository/Katalon Shop (Ecommerce)/Page_My account  Katalon Shop/input__username'

2023-11-03 15:54:51 - [TEST_STEP][PASSED] - setEncryptedText(findTestObject("Object Repository/Katalon Shop (Ecommerce)/Page_My account  Katalon Shop/input__password"), password): Text ****** has been set on object 'Object Repository/Katalon Shop (Ecommerce)/Page_My account  Katalon Shop/input__password'

2023-11-03 15:54:52 - [MESSAGE][PASSED] - Text ****** has been set on object 'Object Repository/Katalon Shop (Ecommerce)/Page_My account  Katalon Shop/input__password'

2023-11-03 15:54:52 - [TEST_STEP][PASSED] - click(findTestObject("Object Repository/Katalon Shop (Ecommerce)/Page_My account  Katalon Shop/input__rememberme")): Object: 'Object Repository/Katalon Shop (Ecommerce)/Page_My account  Katalon Shop/input__rememberme' is clicked on

2023-11-03 15:54:52 - [MESSAGE][PASSED] - Object: 'Object Repository/Katalon Shop (Ecommerce)/Page_My account  Katalon Shop/input__rememberme' is clicked on

2023-11-03 15:54:52 - [TEST_STEP][PASSED] - click(findTestObject("Object Repository/Katalon Shop (Ecommerce)/Page_My account  Katalon Shop/button_Log in")): Object: 'Object Repository/Katalon Shop (Ecommerce)/Page_My account  Katalon Shop/button_Log in' is clicked on

2023-11-03 15:54:55 - [MESSAGE][PASSED] - Object: 'Object Repository/Katalon Shop (Ecommerce)/Page_My account  Katalon Shop/button_Log in' is clicked on

2023-11-03 15:54:55 - [TEST_STEP][PASSED] - verifyElementPresent(findTestObject("Object Repository/Katalon Shop (Ecommerce)/Page_My account  Katalon Shop/p_Hello KatalonLover (not KatalonLover Log out)"), 0): Object 'Object Repository/Katalon Shop (Ecommerce)/Page_My account  Katalon Shop/p_Hello KatalonLover (not KatalonLover Log out)' is present

2023-11-03 15:54:55 - [MESSAGE][WARNING] - Timeout '0' is invalid. Using default page load timeout: '30'

2023-11-03 15:54:56 - [MESSAGE][PASSED] - Object 'Object Repository/Katalon Shop (Ecommerce)/Page_My account  Katalon Shop/p_Hello KatalonLover (not KatalonLover Log out)' is present

2023-11-03 15:54:56 - [MESSAGE][PASSED] - Call Test Case 'Test Cases/Day 02 - Training Day/Exercise 1/TC01 - Login Functionality' successfully

2023-11-03 15:54:56 - [TEST_STEP][PASSED] - setText(findTestObject("Object Repository/Katalon Shop (Ecommerce)/Page_My account  Katalon Shop/input_Search for_s"), keyword): Text 'Ninja' is set on object 'Object Repository/Katalon Shop (Ecommerce)/Page_My account  Katalon Shop/input_Search for_s'

2023-11-03 15:54:56 - [MESSAGE][PASSED] - Text 'Ninja' is set on object 'Object Repository/Katalon Shop (Ecommerce)/Page_My account  Katalon Shop/input_Search for_s'

2023-11-03 15:54:56 - [TEST_STEP][PASSED] - click(findTestObject("Object Repository/Katalon Shop (Ecommerce)/Page_My account  Katalon Shop/button_Search")): Object: 'Object Repository/Katalon Shop (Ecommerce)/Page_My account  Katalon Shop/button_Search' is clicked on

2023-11-03 15:55:01 - [MESSAGE][PASSED] - Object: 'Object Repository/Katalon Shop (Ecommerce)/Page_My account  Katalon Shop/button_Search' is clicked on

2023-11-03 15:55:01 - [TEST_STEP][PASSED] - verifyElementPresent(findTestObject("Object Repository/Katalon Shop (Ecommerce)/Page_Search Results for Ninja  Katalon Shop/h1_Search Results for Ninja"), 0): Object 'Object Repository/Katalon Shop (Ecommerce)/Page_Search Results for Ninja  Katalon Shop/h1_Search Results for Ninja' is present

2023-11-03 15:55:01 - [MESSAGE][WARNING] - Timeout '0' is invalid. Using default page load timeout: '30'

2023-11-03 15:55:01 - [MESSAGE][PASSED] - Object 'Object Repository/Katalon Shop (Ecommerce)/Page_Search Results for Ninja  Katalon Shop/h1_Search Results for Ninja' is present

2023-11-03 15:55:01 - [TEST_STEP][PASSED] - verifyElementPresent(findTestObject("Object Repository/Katalon Shop (Ecommerce)/Page_Search Results for Ninja  Katalon Shop/span_Ninja"), 0): Object 'Object Repository/Katalon Shop (Ecommerce)/Page_Search Results for Ninja  Katalon Shop/span_Ninja' is present

2023-11-03 15:55:02 - [MESSAGE][WARNING] - Timeout '0' is invalid. Using default page load timeout: '30'

2023-11-03 15:55:02 - [MESSAGE][PASSED] - Object 'Object Repository/Katalon Shop (Ecommerce)/Page_Search Results for Ninja  Katalon Shop/span_Ninja' is present]]></system-out>
         <system-err><![CDATA[]]></system-err>
      </testcase>
      <testcase name="Test Cases/Day 02 - Training Day/Exercise 1/TC03 - Add to Cart Functionality" time="59.458" classname="Test Cases/Day 02 - Training Day/Exercise 1/TC03 - Add to Cart Functionality" status="FAILED">
         <failure type="FAILED" message="Test Cases/Day 02 - Training Day/Exercise 1/TC03 - Add to Cart Functionality FAILED.
Reason:
com.kms.katalon.core.exception.StepFailedException: Unable to verify object 'Object Repository/Katalon Shop (Ecommerce)/Page_Cart  Katalon Shop/a_Happy Ninja' is present
	at com.kms.katalon.core.webui.keyword.internal.WebUIKeywordMain.stepFailed(WebUIKeywordMain.groovy:64)
	at com.kms.katalon.core.webui.keyword.internal.WebUIKeywordMain.runKeyword(WebUIKeywordMain.groovy:26)
	at com.kms.katalon.core.webui.keyword.builtin.VerifyElementPresentKeyword.verifyElementPresent(VerifyElementPresentKeyword.groovy:92)
	at com.kms.katalon.core.webui.keyword.builtin.VerifyElementPresentKeyword.execute(VerifyElementPresentKeyword.groovy:68)
	at com.kms.katalon.core.keyword.internal.KeywordExecutor.executeKeywordForPlatform(KeywordExecutor.groovy:74)
	at com.kms.katalon.core.webui.keyword.WebUiBuiltInKeywords.verifyElementPresent(WebUiBuiltInKeywords.groovy:1464)
	at com.kms.katalon.core.webui.keyword.WebUiBuiltInKeywords$verifyElementPresent$5.call(Unknown Source)
	at TC03 - Add to Cart Functionality.run(TC03 - Add to Cart Functionality:31)
	at com.kms.katalon.core.main.ScriptEngine.run(ScriptEngine.java:194)
	at com.kms.katalon.core.main.ScriptEngine.runScriptAsRawText(ScriptEngine.java:119)
	at com.kms.katalon.core.main.TestCaseExecutor.runScript(TestCaseExecutor.java:448)
	at com.kms.katalon.core.main.TestCaseExecutor.doExecute(TestCaseExecutor.java:439)
	at com.kms.katalon.core.main.TestCaseExecutor.processExecutionPhase(TestCaseExecutor.java:418)
	at com.kms.katalon.core.main.TestCaseExecutor.accessMainPhase(TestCaseExecutor.java:410)
	at com.kms.katalon.core.main.TestCaseExecutor.execute(TestCaseExecutor.java:285)
	at com.kms.katalon.core.main.TestCaseExecutor.execute(TestCaseExecutor.java:369)
	at com.kms.katalon.core.common.CommonExecutor.accessTestCaseMainPhase(CommonExecutor.java:65)
	at com.kms.katalon.core.main.TestSuiteExecutor.accessTestSuiteMainPhase(TestSuiteExecutor.java:148)
	at com.kms.katalon.core.main.TestSuiteExecutor.execute(TestSuiteExecutor.java:106)
	at com.kms.katalon.core.main.TestCaseMain.startTestSuite(TestCaseMain.java:187)
	at com.kms.katalon.core.main.TestCaseMain$startTestSuite$0.call(Unknown Source)
	at TempTestSuite1698998056421.run(TempTestSuite1698998056421.groovy:36)
Caused by: com.kms.katalon.core.exception.StepFailedException: com.kms.katalon.core.webui.exception.WebElementNotFoundException: Web element with id: 'Object Repository/Katalon Shop (Ecommerce)/Page_Cart  Katalon Shop/a_Happy Ninja' located by '//article[@id='post-8']/div/div/form/table/tbody/tr[2]/td[3]/a' not found
	at com.kms.katalon.core.webui.keyword.internal.WebUIKeywordMain.stepFailed(WebUIKeywordMain.groovy:64)
	at com.kms.katalon.core.webui.keyword.builtin.VerifyElementPresentKeyword$_verifyElementPresent_closure1.doCall(VerifyElementPresentKeyword.groovy:85)
	at com.kms.katalon.core.webui.keyword.builtin.VerifyElementPresentKeyword$_verifyElementPresent_closure1.call(VerifyElementPresentKeyword.groovy)
	at com.kms.katalon.core.webui.keyword.internal.WebUIKeywordMain.runKeyword(WebUIKeywordMain.groovy:20)
	... 20 more
"/>
         <system-out><![CDATA[2023-11-03 15:56:01 - [TEST_CASE][FAILED] - Test Cases/Day 02 - Training Day/Exercise 1/TC03 - Add to Cart Functionality: Test Cases/Day 02 - Training Day/Exercise 1/TC03 - Add to Cart Functionality FAILED.
Reason:
com.kms.katalon.core.exception.StepFailedException: Unable to verify object 'Object Repository/Katalon Shop (Ecommerce)/Page_Cart  Katalon Shop/a_Happy Ninja' is present
	at com.kms.katalon.core.webui.keyword.internal.WebUIKeywordMain.stepFailed(WebUIKeywordMain.groovy:64)
	at com.kms.katalon.core.webui.keyword.internal.WebUIKeywordMain.runKeyword(WebUIKeywordMain.groovy:26)
	at com.kms.katalon.core.webui.keyword.builtin.VerifyElementPresentKeyword.verifyElementPresent(VerifyElementPresentKeyword.groovy:92)
	at com.kms.katalon.core.webui.keyword.builtin.VerifyElementPresentKeyword.execute(VerifyElementPresentKeyword.groovy:68)
	at com.kms.katalon.core.keyword.internal.KeywordExecutor.executeKeywordForPlatform(KeywordExecutor.groovy:74)
	at com.kms.katalon.core.webui.keyword.WebUiBuiltInKeywords.verifyElementPresent(WebUiBuiltInKeywords.groovy:1464)
	at com.kms.katalon.core.webui.keyword.WebUiBuiltInKeywords$verifyElementPresent$5.call(Unknown Source)
	at TC03 - Add to Cart Functionality.run(TC03 - Add to Cart Functionality:31)
	at com.kms.katalon.core.main.ScriptEngine.run(ScriptEngine.java:194)
	at com.kms.katalon.core.main.ScriptEngine.runScriptAsRawText(ScriptEngine.java:119)
	at com.kms.katalon.core.main.TestCaseExecutor.runScript(TestCaseExecutor.java:448)
	at com.kms.katalon.core.main.TestCaseExecutor.doExecute(TestCaseExecutor.java:439)
	at com.kms.katalon.core.main.TestCaseExecutor.processExecutionPhase(TestCaseExecutor.java:418)
	at com.kms.katalon.core.main.TestCaseExecutor.accessMainPhase(TestCaseExecutor.java:410)
	at com.kms.katalon.core.main.TestCaseExecutor.execute(TestCaseExecutor.java:285)
	at com.kms.katalon.core.main.TestCaseExecutor.execute(TestCaseExecutor.java:369)
	at com.kms.katalon.core.common.CommonExecutor.accessTestCaseMainPhase(CommonExecutor.java:65)
	at com.kms.katalon.core.main.TestSuiteExecutor.accessTestSuiteMainPhase(TestSuiteExecutor.java:148)
	at com.kms.katalon.core.main.TestSuiteExecutor.execute(TestSuiteExecutor.java:106)
	at com.kms.katalon.core.main.TestCaseMain.startTestSuite(TestCaseMain.java:187)
	at com.kms.katalon.core.main.TestCaseMain$startTestSuite$0.call(Unknown Source)
	at TempTestSuite1698998056421.run(TempTestSuite1698998056421.groovy:36)
Caused by: com.kms.katalon.core.exception.StepFailedException: com.kms.katalon.core.webui.exception.WebElementNotFoundException: Web element with id: 'Object Repository/Katalon Shop (Ecommerce)/Page_Cart  Katalon Shop/a_Happy Ninja' located by '//article[@id='post-8']/div/div/form/table/tbody/tr[2]/td[3]/a' not found
	at com.kms.katalon.core.webui.keyword.internal.WebUIKeywordMain.stepFailed(WebUIKeywordMain.groovy:64)
	at com.kms.katalon.core.webui.keyword.builtin.VerifyElementPresentKeyword$_verifyElementPresent_closure1.doCall(VerifyElementPresentKeyword.groovy:85)
	at com.kms.katalon.core.webui.keyword.builtin.VerifyElementPresentKeyword$_verifyElementPresent_closure1.call(VerifyElementPresentKeyword.groovy)
	at com.kms.katalon.core.webui.keyword.internal.WebUIKeywordMain.runKeyword(WebUIKeywordMain.groovy:20)
	... 20 more


2023-11-03 15:56:01 - [TEST_STEP][PASSED] - callTestCase(findTestCase("Day 02 - Training Day/Exercise 1/TC02 - Search Functionality"), ["url":"https://cms.demo.katalon.com/", "name":"customer", "password":"fcttOx1e+dws0mP0AWb2uMRTnZbRfS0W", "keyword":"Ninja"], STOP_ON_FAILURE): Call Test Case 'Test Cases/Day 02 - Training Day/Exercise 1/TC02 - Search Functionality' successfully

2023-11-03 15:56:01 - [TEST_CASE][PASSED] - Test Cases/Day 02 - Training Day/Exercise 1/TC02 - Search Functionality: Test Cases/Day 02 - Training Day/Exercise 1/TC02 - Search Functionality

2023-11-03 15:56:01 - [TEST_STEP][PASSED] - callTestCase(findTestCase("Day 02 - Training Day/Exercise 1/TC01 - Login Functionality"), ["url":"https://cms.demo.katalon.com/", "name":"customer", "password":"fcttOx1e+dws0mP0AWb2uMRTnZbRfS0W"], STOP_ON_FAILURE): Call Test Case 'Test Cases/Day 02 - Training Day/Exercise 1/TC01 - Login Functionality' successfully

2023-11-03 15:56:01 - [TEST_CASE][PASSED] - Test Cases/Day 02 - Training Day/Exercise 1/TC01 - Login Functionality: Test Cases/Day 02 - Training Day/Exercise 1/TC01 - Login Functionality

2023-11-03 15:56:02 - [TEST_STEP][PASSED] - openBrowser(""): Browser is opened with url: ''

2023-11-03 15:56:02 - [MESSAGE][WARNING] - A browser is already opened. Closing browser and opening a new one

2023-11-03 15:56:03 - [MESSAGE][INFO] - Starting 'Chrome' driver

2023-11-03 15:56:03 - [MESSAGE][INFO] - Action delay is set to 0 milliseconds

2023-11-03 15:56:04 - [MESSAGE][PASSED] - Browser is opened with url: ''

2023-11-03 15:56:04 - [TEST_STEP][PASSED] - navigateToUrl(url): Navigate to 'https://cms.demo.katalon.com/' successfully

2023-11-03 15:56:10 - [MESSAGE][PASSED] - Navigate to 'https://cms.demo.katalon.com/' successfully

2023-11-03 15:56:10 - [TEST_STEP][PASSED] - maximizeWindow(): Current window maximized

2023-11-03 15:56:10 - [MESSAGE][PASSED] - Current window maximized

2023-11-03 15:56:10 - [TEST_STEP][PASSED] - click(findTestObject("Object Repository/Katalon Shop (Ecommerce)/Page_Katalon Shop  Katalon Ecommerce/a_My account")): Object: 'Object Repository/Katalon Shop (Ecommerce)/Page_Katalon Shop  Katalon Ecommerce/a_My account' is clicked on

2023-11-03 15:56:13 - [MESSAGE][PASSED] - Object: 'Object Repository/Katalon Shop (Ecommerce)/Page_Katalon Shop  Katalon Ecommerce/a_My account' is clicked on

2023-11-03 15:56:13 - [TEST_STEP][PASSED] - setText(findTestObject("Object Repository/Katalon Shop (Ecommerce)/Page_My account  Katalon Shop/input__username"), username): Text 'customer' is set on object 'Object Repository/Katalon Shop (Ecommerce)/Page_My account  Katalon Shop/input__username'

2023-11-03 15:56:13 - [MESSAGE][PASSED] - Text 'customer' is set on object 'Object Repository/Katalon Shop (Ecommerce)/Page_My account  Katalon Shop/input__username'

2023-11-03 15:56:13 - [TEST_STEP][PASSED] - setEncryptedText(findTestObject("Object Repository/Katalon Shop (Ecommerce)/Page_My account  Katalon Shop/input__password"), password): Text ****** has been set on object 'Object Repository/Katalon Shop (Ecommerce)/Page_My account  Katalon Shop/input__password'

2023-11-03 15:56:14 - [MESSAGE][PASSED] - Text ****** has been set on object 'Object Repository/Katalon Shop (Ecommerce)/Page_My account  Katalon Shop/input__password'

2023-11-03 15:56:14 - [TEST_STEP][PASSED] - click(findTestObject("Object Repository/Katalon Shop (Ecommerce)/Page_My account  Katalon Shop/input__rememberme")): Object: 'Object Repository/Katalon Shop (Ecommerce)/Page_My account  Katalon Shop/input__rememberme' is clicked on

2023-11-03 15:56:14 - [MESSAGE][PASSED] - Object: 'Object Repository/Katalon Shop (Ecommerce)/Page_My account  Katalon Shop/input__rememberme' is clicked on

2023-11-03 15:56:14 - [TEST_STEP][PASSED] - click(findTestObject("Object Repository/Katalon Shop (Ecommerce)/Page_My account  Katalon Shop/button_Log in")): Object: 'Object Repository/Katalon Shop (Ecommerce)/Page_My account  Katalon Shop/button_Log in' is clicked on

2023-11-03 15:56:17 - [MESSAGE][PASSED] - Object: 'Object Repository/Katalon Shop (Ecommerce)/Page_My account  Katalon Shop/button_Log in' is clicked on

2023-11-03 15:56:17 - [TEST_STEP][PASSED] - verifyElementPresent(findTestObject("Object Repository/Katalon Shop (Ecommerce)/Page_My account  Katalon Shop/p_Hello KatalonLover (not KatalonLover Log out)"), 0): Object 'Object Repository/Katalon Shop (Ecommerce)/Page_My account  Katalon Shop/p_Hello KatalonLover (not KatalonLover Log out)' is present

2023-11-03 15:56:17 - [MESSAGE][WARNING] - Timeout '0' is invalid. Using default page load timeout: '30'

2023-11-03 15:56:17 - [MESSAGE][PASSED] - Object 'Object Repository/Katalon Shop (Ecommerce)/Page_My account  Katalon Shop/p_Hello KatalonLover (not KatalonLover Log out)' is present

2023-11-03 15:56:17 - [MESSAGE][PASSED] - Call Test Case 'Test Cases/Day 02 - Training Day/Exercise 1/TC01 - Login Functionality' successfully

2023-11-03 15:56:17 - [TEST_STEP][PASSED] - setText(findTestObject("Object Repository/Katalon Shop (Ecommerce)/Page_My account  Katalon Shop/input_Search for_s"), keyword): Text 'Ninja' is set on object 'Object Repository/Katalon Shop (Ecommerce)/Page_My account  Katalon Shop/input_Search for_s'

2023-11-03 15:56:18 - [MESSAGE][PASSED] - Text 'Ninja' is set on object 'Object Repository/Katalon Shop (Ecommerce)/Page_My account  Katalon Shop/input_Search for_s'

2023-11-03 15:56:18 - [TEST_STEP][PASSED] - click(findTestObject("Object Repository/Katalon Shop (Ecommerce)/Page_My account  Katalon Shop/button_Search")): Object: 'Object Repository/Katalon Shop (Ecommerce)/Page_My account  Katalon Shop/button_Search' is clicked on

2023-11-03 15:56:22 - [MESSAGE][PASSED] - Object: 'Object Repository/Katalon Shop (Ecommerce)/Page_My account  Katalon Shop/button_Search' is clicked on

2023-11-03 15:56:22 - [TEST_STEP][PASSED] - verifyElementPresent(findTestObject("Object Repository/Katalon Shop (Ecommerce)/Page_Search Results for Ninja  Katalon Shop/h1_Search Results for Ninja"), 0): Object 'Object Repository/Katalon Shop (Ecommerce)/Page_Search Results for Ninja  Katalon Shop/h1_Search Results for Ninja' is present

2023-11-03 15:56:23 - [MESSAGE][WARNING] - Timeout '0' is invalid. Using default page load timeout: '30'

2023-11-03 15:56:23 - [MESSAGE][PASSED] - Object 'Object Repository/Katalon Shop (Ecommerce)/Page_Search Results for Ninja  Katalon Shop/h1_Search Results for Ninja' is present

2023-11-03 15:56:23 - [TEST_STEP][PASSED] - verifyElementPresent(findTestObject("Object Repository/Katalon Shop (Ecommerce)/Page_Search Results for Ninja  Katalon Shop/span_Ninja"), 0): Object 'Object Repository/Katalon Shop (Ecommerce)/Page_Search Results for Ninja  Katalon Shop/span_Ninja' is present

2023-11-03 15:56:23 - [MESSAGE][WARNING] - Timeout '0' is invalid. Using default page load timeout: '30'

2023-11-03 15:56:23 - [MESSAGE][PASSED] - Object 'Object Repository/Katalon Shop (Ecommerce)/Page_Search Results for Ninja  Katalon Shop/span_Ninja' is present

2023-11-03 15:56:23 - [MESSAGE][PASSED] - Call Test Case 'Test Cases/Day 02 - Training Day/Exercise 1/TC02 - Search Functionality' successfully

2023-11-03 15:56:23 - [TEST_STEP][PASSED] - switchToWindowTitle("Search Results for “Ninja” – Katalon Shop"): Switched to window with title: 'Search Results for “Ninja” – Katalon Shop'

2023-11-03 15:56:23 - [MESSAGE][PASSED] - Switched to window with title: 'Search Results for “Ninja” – Katalon Shop'

2023-11-03 15:56:23 - [TEST_STEP][PASSED] - click(findTestObject("Object Repository/Katalon Shop (Ecommerce)/Page_Search Results for Ninja  Katalon Shop/a_Shop")): Object: 'Object Repository/Katalon Shop (Ecommerce)/Page_Search Results for Ninja  Katalon Shop/a_Shop' is clicked on

2023-11-03 15:56:25 - [MESSAGE][PASSED] - Object: 'Object Repository/Katalon Shop (Ecommerce)/Page_Search Results for Ninja  Katalon Shop/a_Shop' is clicked on

2023-11-03 15:56:25 - [TEST_STEP][PASSED] - click(findTestObject("Object Repository/Katalon Shop (Ecommerce)/Page_Katalon Shop  Katalon Ecommerce/a_Add to cart")): Object: 'Object Repository/Katalon Shop (Ecommerce)/Page_Katalon Shop  Katalon Ecommerce/a_Add to cart' is clicked on

2023-11-03 15:56:26 - [MESSAGE][PASSED] - Object: 'Object Repository/Katalon Shop (Ecommerce)/Page_Katalon Shop  Katalon Ecommerce/a_Add to cart' is clicked on

2023-11-03 15:56:26 - [TEST_STEP][PASSED] - click(findTestObject("Object Repository/Katalon Shop (Ecommerce)/Page_Katalon Shop  Katalon Ecommerce/a_View cart")): Object: 'Object Repository/Katalon Shop (Ecommerce)/Page_Katalon Shop  Katalon Ecommerce/a_View cart' is clicked on

2023-11-03 15:56:29 - [MESSAGE][PASSED] - Object: 'Object Repository/Katalon Shop (Ecommerce)/Page_Katalon Shop  Katalon Ecommerce/a_View cart' is clicked on

2023-11-03 15:56:29 - [TEST_STEP][FAILED] - verifyElementPresent(findTestObject("Object Repository/Katalon Shop (Ecommerce)/Page_Cart  Katalon Shop/a_Happy Ninja"), 0): Unable to verify object 'Object Repository/Katalon Shop (Ecommerce)/Page_Cart  Katalon Shop/a_Happy Ninja' is present (Root cause: com.kms.katalon.core.exception.StepFailedException: Unable to verify object 'Object Repository/Katalon Shop (Ecommerce)/Page_Cart  Katalon Shop/a_Happy Ninja' is present
	at com.kms.katalon.core.webui.keyword.internal.WebUIKeywordMain.stepFailed(WebUIKeywordMain.groovy:64)
	at com.kms.katalon.core.webui.keyword.internal.WebUIKeywordMain.runKeyword(WebUIKeywordMain.groovy:26)
	at com.kms.katalon.core.webui.keyword.builtin.VerifyElementPresentKeyword.verifyElementPresent(VerifyElementPresentKeyword.groovy:92)
	at com.kms.katalon.core.webui.keyword.builtin.VerifyElementPresentKeyword.execute(VerifyElementPresentKeyword.groovy:68)
	at com.kms.katalon.core.keyword.internal.KeywordExecutor.executeKeywordForPlatform(KeywordExecutor.groovy:74)
	at com.kms.katalon.core.webui.keyword.WebUiBuiltInKeywords.verifyElementPresent(WebUiBuiltInKeywords.groovy:1464)
	at com.kms.katalon.core.webui.keyword.WebUiBuiltInKeywords$verifyElementPresent$5.call(Unknown Source)
	at TC03 - Add to Cart Functionality.run(TC03 - Add to Cart Functionality:31)
	at com.kms.katalon.core.main.ScriptEngine.run(ScriptEngine.java:194)
	at com.kms.katalon.core.main.ScriptEngine.runScriptAsRawText(ScriptEngine.java:119)
	at com.kms.katalon.core.main.TestCaseExecutor.runScript(TestCaseExecutor.java:448)
	at com.kms.katalon.core.main.TestCaseExecutor.doExecute(TestCaseExecutor.java:439)
	at com.kms.katalon.core.main.TestCaseExecutor.processExecutionPhase(TestCaseExecutor.java:418)
	at com.kms.katalon.core.main.TestCaseExecutor.accessMainPhase(TestCaseExecutor.java:410)
	at com.kms.katalon.core.main.TestCaseExecutor.execute(TestCaseExecutor.java:285)
	at com.kms.katalon.core.main.TestCaseExecutor.execute(TestCaseExecutor.java:369)
	at com.kms.katalon.core.common.CommonExecutor.accessTestCaseMainPhase(CommonExecutor.java:65)
	at com.kms.katalon.core.main.TestSuiteExecutor.accessTestSuiteMainPhase(TestSuiteExecutor.java:148)
	at com.kms.katalon.core.main.TestSuiteExecutor.execute(TestSuiteExecutor.java:106)
	at com.kms.katalon.core.main.TestCaseMain.startTestSuite(TestCaseMain.java:187)
	at com.kms.katalon.core.main.TestCaseMain$startTestSuite$0.call(Unknown Source)
	at TempTestSuite1698998056421.run(TempTestSuite1698998056421.groovy:36)
Caused by: com.kms.katalon.core.exception.StepFailedException: com.kms.katalon.core.webui.exception.WebElementNotFoundException: Web element with id: 'Object Repository/Katalon Shop (Ecommerce)/Page_Cart  Katalon Shop/a_Happy Ninja' located by '//article[@id='post-8']/div/div/form/table/tbody/tr[2]/td[3]/a' not found
	at com.kms.katalon.core.webui.keyword.internal.WebUIKeywordMain.stepFailed(WebUIKeywordMain.groovy:64)
	at com.kms.katalon.core.webui.keyword.builtin.VerifyElementPresentKeyword$_verifyElementPresent_closure1.doCall(VerifyElementPresentKeyword.groovy:85)
	at com.kms.katalon.core.webui.keyword.builtin.VerifyElementPresentKeyword$_verifyElementPresent_closure1.call(VerifyElementPresentKeyword.groovy)
	at com.kms.katalon.core.webui.keyword.internal.WebUIKeywordMain.runKeyword(WebUIKeywordMain.groovy:20)
	... 20 more
)

2023-11-03 15:56:29 - [MESSAGE][WARNING] - Timeout '0' is invalid. Using default page load timeout: '30'

2023-11-03 15:57:00 - [MESSAGE][INFO] - Unable to find the element located by 'By.xpath: //article[@id='post-8']/div/div/form/table/tbody/tr[2]/td[3]/a'. Please recheck the objects properties to make sure the desired element is located. 

2023-11-03 15:57:00 - [MESSAGE][FAILED] - com.kms.katalon.core.webui.exception.WebElementNotFoundException: Web element with id: 'Object Repository/Katalon Shop (Ecommerce)/Page_Cart  Katalon Shop/a_Happy Ninja' located by '//article[@id='post-8']/div/div/form/table/tbody/tr[2]/td[3]/a' not found (Root cause: com.kms.katalon.core.exception.StepFailedException: com.kms.katalon.core.webui.exception.WebElementNotFoundException: Web element with id: 'Object Repository/Katalon Shop (Ecommerce)/Page_Cart  Katalon Shop/a_Happy Ninja' located by '//article[@id='post-8']/div/div/form/table/tbody/tr[2]/td[3]/a' not found
	at com.kms.katalon.core.webui.keyword.internal.WebUIKeywordMain.stepFailed(WebUIKeywordMain.groovy:64)
	at com.kms.katalon.core.webui.keyword.builtin.VerifyElementPresentKeyword$_verifyElementPresent_closure1.doCall(VerifyElementPresentKeyword.groovy:85)
	at com.kms.katalon.core.webui.keyword.builtin.VerifyElementPresentKeyword$_verifyElementPresent_closure1.call(VerifyElementPresentKeyword.groovy)
	at com.kms.katalon.core.webui.keyword.internal.WebUIKeywordMain.runKeyword(WebUIKeywordMain.groovy:20)
	at com.kms.katalon.core.webui.keyword.builtin.VerifyElementPresentKeyword.verifyElementPresent(VerifyElementPresentKeyword.groovy:92)
	at com.kms.katalon.core.webui.keyword.builtin.VerifyElementPresentKeyword.execute(VerifyElementPresentKeyword.groovy:68)
	at com.kms.katalon.core.keyword.internal.KeywordExecutor.executeKeywordForPlatform(KeywordExecutor.groovy:74)
	at com.kms.katalon.core.webui.keyword.WebUiBuiltInKeywords.verifyElementPresent(WebUiBuiltInKeywords.groovy:1464)
	at com.kms.katalon.core.webui.keyword.WebUiBuiltInKeywords$verifyElementPresent$5.call(Unknown Source)
	at TC03 - Add to Cart Functionality.run(TC03 - Add to Cart Functionality:31)
	at com.kms.katalon.core.main.ScriptEngine.run(ScriptEngine.java:194)
	at com.kms.katalon.core.main.ScriptEngine.runScriptAsRawText(ScriptEngine.java:119)
	at com.kms.katalon.core.main.TestCaseExecutor.runScript(TestCaseExecutor.java:448)
	at com.kms.katalon.core.main.TestCaseExecutor.doExecute(TestCaseExecutor.java:439)
	at com.kms.katalon.core.main.TestCaseExecutor.processExecutionPhase(TestCaseExecutor.java:418)
	at com.kms.katalon.core.main.TestCaseExecutor.accessMainPhase(TestCaseExecutor.java:410)
	at com.kms.katalon.core.main.TestCaseExecutor.execute(TestCaseExecutor.java:285)
	at com.kms.katalon.core.main.TestCaseExecutor.execute(TestCaseExecutor.java:369)
	at com.kms.katalon.core.common.CommonExecutor.accessTestCaseMainPhase(CommonExecutor.java:65)
	at com.kms.katalon.core.main.TestSuiteExecutor.accessTestSuiteMainPhase(TestSuiteExecutor.java:148)
	at com.kms.katalon.core.main.TestSuiteExecutor.execute(TestSuiteExecutor.java:106)
	at com.kms.katalon.core.main.TestCaseMain.startTestSuite(TestCaseMain.java:187)
	at com.kms.katalon.core.main.TestCaseMain$startTestSuite$0.call(Unknown Source)
	at TempTestSuite1698998056421.run(TempTestSuite1698998056421.groovy:36)
)
[[ATTACHMENT|C:\\Users\\Hasnul\\Katalon Studio\\My First Desktop Project\\Reports\\20231103_155416\\Katalon Training Day 2\\Test TS\\20231103_155416\\1698998220767.png]]

2023-11-03 15:57:00 - [MESSAGE][FAILED] - Unable to verify object 'Object Repository/Katalon Shop (Ecommerce)/Page_Cart  Katalon Shop/a_Happy Ninja' is present (Root cause: com.kms.katalon.core.exception.StepFailedException: Unable to verify object 'Object Repository/Katalon Shop (Ecommerce)/Page_Cart  Katalon Shop/a_Happy Ninja' is present
	at com.kms.katalon.core.webui.keyword.internal.WebUIKeywordMain.stepFailed(WebUIKeywordMain.groovy:64)
	at com.kms.katalon.core.webui.keyword.internal.WebUIKeywordMain.runKeyword(WebUIKeywordMain.groovy:26)
	at com.kms.katalon.core.webui.keyword.builtin.VerifyElementPresentKeyword.verifyElementPresent(VerifyElementPresentKeyword.groovy:92)
	at com.kms.katalon.core.webui.keyword.builtin.VerifyElementPresentKeyword.execute(VerifyElementPresentKeyword.groovy:68)
	at com.kms.katalon.core.keyword.internal.KeywordExecutor.executeKeywordForPlatform(KeywordExecutor.groovy:74)
	at com.kms.katalon.core.webui.keyword.WebUiBuiltInKeywords.verifyElementPresent(WebUiBuiltInKeywords.groovy:1464)
	at com.kms.katalon.core.webui.keyword.WebUiBuiltInKeywords$verifyElementPresent$5.call(Unknown Source)
	at TC03 - Add to Cart Functionality.run(TC03 - Add to Cart Functionality:31)
	at com.kms.katalon.core.main.ScriptEngine.run(ScriptEngine.java:194)
	at com.kms.katalon.core.main.ScriptEngine.runScriptAsRawText(ScriptEngine.java:119)
	at com.kms.katalon.core.main.TestCaseExecutor.runScript(TestCaseExecutor.java:448)
	at com.kms.katalon.core.main.TestCaseExecutor.doExecute(TestCaseExecutor.java:439)
	at com.kms.katalon.core.main.TestCaseExecutor.processExecutionPhase(TestCaseExecutor.java:418)
	at com.kms.katalon.core.main.TestCaseExecutor.accessMainPhase(TestCaseExecutor.java:410)
	at com.kms.katalon.core.main.TestCaseExecutor.execute(TestCaseExecutor.java:285)
	at com.kms.katalon.core.main.TestCaseExecutor.execute(TestCaseExecutor.java:369)
	at com.kms.katalon.core.common.CommonExecutor.accessTestCaseMainPhase(CommonExecutor.java:65)
	at com.kms.katalon.core.main.TestSuiteExecutor.accessTestSuiteMainPhase(TestSuiteExecutor.java:148)
	at com.kms.katalon.core.main.TestSuiteExecutor.execute(TestSuiteExecutor.java:106)
	at com.kms.katalon.core.main.TestCaseMain.startTestSuite(TestCaseMain.java:187)
	at com.kms.katalon.core.main.TestCaseMain$startTestSuite$0.call(Unknown Source)
	at TempTestSuite1698998056421.run(TempTestSuite1698998056421.groovy:36)
Caused by: com.kms.katalon.core.exception.StepFailedException: com.kms.katalon.core.webui.exception.WebElementNotFoundException: Web element with id: 'Object Repository/Katalon Shop (Ecommerce)/Page_Cart  Katalon Shop/a_Happy Ninja' located by '//article[@id='post-8']/div/div/form/table/tbody/tr[2]/td[3]/a' not found
	at com.kms.katalon.core.webui.keyword.internal.WebUIKeywordMain.stepFailed(WebUIKeywordMain.groovy:64)
	at com.kms.katalon.core.webui.keyword.builtin.VerifyElementPresentKeyword$_verifyElementPresent_closure1.doCall(VerifyElementPresentKeyword.groovy:85)
	at com.kms.katalon.core.webui.keyword.builtin.VerifyElementPresentKeyword$_verifyElementPresent_closure1.call(VerifyElementPresentKeyword.groovy)
	at com.kms.katalon.core.webui.keyword.internal.WebUIKeywordMain.runKeyword(WebUIKeywordMain.groovy:20)
	... 20 more
)
[[ATTACHMENT|C:\\Users\\Hasnul\\Katalon Studio\\My First Desktop Project\\Reports\\20231103_155416\\Katalon Training Day 2\\Test TS\\20231103_155416\\1698998220890.png]]]]></system-out>
         <system-err><![CDATA[2023-11-03 15:56:01 - [TEST_CASE][FAILED] - Test Cases/Day 02 - Training Day/Exercise 1/TC03 - Add to Cart Functionality: Test Cases/Day 02 - Training Day/Exercise 1/TC03 - Add to Cart Functionality FAILED.
Reason:
com.kms.katalon.core.exception.StepFailedException: Unable to verify object 'Object Repository/Katalon Shop (Ecommerce)/Page_Cart  Katalon Shop/a_Happy Ninja' is present
	at com.kms.katalon.core.webui.keyword.internal.WebUIKeywordMain.stepFailed(WebUIKeywordMain.groovy:64)
	at com.kms.katalon.core.webui.keyword.internal.WebUIKeywordMain.runKeyword(WebUIKeywordMain.groovy:26)
	at com.kms.katalon.core.webui.keyword.builtin.VerifyElementPresentKeyword.verifyElementPresent(VerifyElementPresentKeyword.groovy:92)
	at com.kms.katalon.core.webui.keyword.builtin.VerifyElementPresentKeyword.execute(VerifyElementPresentKeyword.groovy:68)
	at com.kms.katalon.core.keyword.internal.KeywordExecutor.executeKeywordForPlatform(KeywordExecutor.groovy:74)
	at com.kms.katalon.core.webui.keyword.WebUiBuiltInKeywords.verifyElementPresent(WebUiBuiltInKeywords.groovy:1464)
	at com.kms.katalon.core.webui.keyword.WebUiBuiltInKeywords$verifyElementPresent$5.call(Unknown Source)
	at TC03 - Add to Cart Functionality.run(TC03 - Add to Cart Functionality:31)
	at com.kms.katalon.core.main.ScriptEngine.run(ScriptEngine.java:194)
	at com.kms.katalon.core.main.ScriptEngine.runScriptAsRawText(ScriptEngine.java:119)
	at com.kms.katalon.core.main.TestCaseExecutor.runScript(TestCaseExecutor.java:448)
	at com.kms.katalon.core.main.TestCaseExecutor.doExecute(TestCaseExecutor.java:439)
	at com.kms.katalon.core.main.TestCaseExecutor.processExecutionPhase(TestCaseExecutor.java:418)
	at com.kms.katalon.core.main.TestCaseExecutor.accessMainPhase(TestCaseExecutor.java:410)
	at com.kms.katalon.core.main.TestCaseExecutor.execute(TestCaseExecutor.java:285)
	at com.kms.katalon.core.main.TestCaseExecutor.execute(TestCaseExecutor.java:369)
	at com.kms.katalon.core.common.CommonExecutor.accessTestCaseMainPhase(CommonExecutor.java:65)
	at com.kms.katalon.core.main.TestSuiteExecutor.accessTestSuiteMainPhase(TestSuiteExecutor.java:148)
	at com.kms.katalon.core.main.TestSuiteExecutor.execute(TestSuiteExecutor.java:106)
	at com.kms.katalon.core.main.TestCaseMain.startTestSuite(TestCaseMain.java:187)
	at com.kms.katalon.core.main.TestCaseMain$startTestSuite$0.call(Unknown Source)
	at TempTestSuite1698998056421.run(TempTestSuite1698998056421.groovy:36)
Caused by: com.kms.katalon.core.exception.StepFailedException: com.kms.katalon.core.webui.exception.WebElementNotFoundException: Web element with id: 'Object Repository/Katalon Shop (Ecommerce)/Page_Cart  Katalon Shop/a_Happy Ninja' located by '//article[@id='post-8']/div/div/form/table/tbody/tr[2]/td[3]/a' not found
	at com.kms.katalon.core.webui.keyword.internal.WebUIKeywordMain.stepFailed(WebUIKeywordMain.groovy:64)
	at com.kms.katalon.core.webui.keyword.builtin.VerifyElementPresentKeyword$_verifyElementPresent_closure1.doCall(VerifyElementPresentKeyword.groovy:85)
	at com.kms.katalon.core.webui.keyword.builtin.VerifyElementPresentKeyword$_verifyElementPresent_closure1.call(VerifyElementPresentKeyword.groovy)
	at com.kms.katalon.core.webui.keyword.internal.WebUIKeywordMain.runKeyword(WebUIKeywordMain.groovy:20)
	... 20 more]]></system-err>
      </testcase>
      <testcase name="Test Cases/Day 02 - Training Day/Exercise 1/TC04 - Checkout Functionality/TC04_01 - (MY) Checkout Functionality" time="31.53" classname="Test Cases/Day 02 - Training Day/Exercise 1/TC04 - Checkout Functionality/TC04_01 - (MY) Checkout Functionality" status="PASSED">
         <system-out><![CDATA[2023-11-03 15:57:01 - [TEST_CASE][PASSED] - Test Cases/Day 02 - Training Day/Exercise 1/TC04 - Checkout Functionality/TC04_01 - (MY) Checkout Functionality: Test Cases/Day 02 - Training Day/Exercise 1/TC04 - Checkout Functionality/TC04_01 - (MY) Checkout Functionality

2023-11-03 15:57:02 - [TEST_STEP][PASSED] - openBrowser(""): Browser is opened with url: ''

2023-11-03 15:57:02 - [MESSAGE][WARNING] - A browser is already opened. Closing browser and opening a new one

2023-11-03 15:57:02 - [MESSAGE][INFO] - Starting 'Chrome' driver

2023-11-03 15:57:02 - [MESSAGE][INFO] - Action delay is set to 0 milliseconds

2023-11-03 15:57:04 - [MESSAGE][PASSED] - Browser is opened with url: ''

2023-11-03 15:57:04 - [TEST_STEP][PASSED] - navigateToUrl("https://cms.demo.katalon.com/"): Navigate to 'https://cms.demo.katalon.com/' successfully

2023-11-03 15:57:09 - [MESSAGE][PASSED] - Navigate to 'https://cms.demo.katalon.com/' successfully

2023-11-03 15:57:09 - [TEST_STEP][PASSED] - switchToWindowTitle("Katalon Shop – Katalon Ecommerce"): Switched to window with title: 'Katalon Shop – Katalon Ecommerce'

2023-11-03 15:57:09 - [MESSAGE][PASSED] - Switched to window with title: 'Katalon Shop – Katalon Ecommerce'

2023-11-03 15:57:09 - [TEST_STEP][PASSED] - click(findTestObject("Object Repository/Katalon Shop (Ecommerce)/Page_Katalon Shop  Katalon Ecommerce/a_Add to cart (1)")): Object: 'Object Repository/Katalon Shop (Ecommerce)/Page_Katalon Shop  Katalon Ecommerce/a_Add to cart (1)' is clicked on

2023-11-03 15:57:09 - [MESSAGE][PASSED] - Object: 'Object Repository/Katalon Shop (Ecommerce)/Page_Katalon Shop  Katalon Ecommerce/a_Add to cart (1)' is clicked on

2023-11-03 15:57:09 - [TEST_STEP][PASSED] - click(findTestObject("Object Repository/Katalon Shop (Ecommerce)/Page_Katalon Shop  Katalon Ecommerce/a_View cart (1)")): Object: 'Object Repository/Katalon Shop (Ecommerce)/Page_Katalon Shop  Katalon Ecommerce/a_View cart (1)' is clicked on

2023-11-03 15:57:12 - [MESSAGE][PASSED] - Object: 'Object Repository/Katalon Shop (Ecommerce)/Page_Katalon Shop  Katalon Ecommerce/a_View cart (1)' is clicked on

2023-11-03 15:57:12 - [TEST_STEP][PASSED] - click(findTestObject("Object Repository/Katalon Shop (Ecommerce)/Page_Cart  Katalon Shop/a_Proceed to checkout")): Object: 'Object Repository/Katalon Shop (Ecommerce)/Page_Cart  Katalon Shop/a_Proceed to checkout' is clicked on

2023-11-03 15:57:15 - [MESSAGE][PASSED] - Object: 'Object Repository/Katalon Shop (Ecommerce)/Page_Cart  Katalon Shop/a_Proceed to checkout' is clicked on

2023-11-03 15:57:15 - [TEST_STEP][PASSED] - setText(findTestObject("Object Repository/Katalon Shop (Ecommerce)/Page_Checkout  Katalon Shop/input__billing_first_name"), billingFirstName): Text 'Katalon' is set on object 'Object Repository/Katalon Shop (Ecommerce)/Page_Checkout  Katalon Shop/input__billing_first_name'

2023-11-03 15:57:16 - [MESSAGE][PASSED] - Text 'Katalon' is set on object 'Object Repository/Katalon Shop (Ecommerce)/Page_Checkout  Katalon Shop/input__billing_first_name'

2023-11-03 15:57:16 - [TEST_STEP][PASSED] - setText(findTestObject("Object Repository/Katalon Shop (Ecommerce)/Page_Checkout  Katalon Shop/input__billing_last_name"), billingLastName): Text 'Customer' is set on object 'Object Repository/Katalon Shop (Ecommerce)/Page_Checkout  Katalon Shop/input__billing_last_name'

2023-11-03 15:57:17 - [MESSAGE][PASSED] - Text 'Customer' is set on object 'Object Repository/Katalon Shop (Ecommerce)/Page_Checkout  Katalon Shop/input__billing_last_name'

2023-11-03 15:57:17 - [TEST_STEP][PASSED] - setText(findTestObject("Object Repository/Katalon Shop (Ecommerce)/Page_Checkout  Katalon Shop/input_(optional)_billing_company"), biliingCompany): Text 'KMS' is set on object 'Object Repository/Katalon Shop (Ecommerce)/Page_Checkout  Katalon Shop/input_(optional)_billing_company'

2023-11-03 15:57:18 - [MESSAGE][PASSED] - Text 'KMS' is set on object 'Object Repository/Katalon Shop (Ecommerce)/Page_Checkout  Katalon Shop/input_(optional)_billing_company'

2023-11-03 15:57:18 - [TEST_STEP][PASSED] - click(findTestObject("Object Repository/Katalon Shop (Ecommerce)/Page_Checkout  Katalon Shop/Page_Checkout  Katalon Shop/span_Malaysia")): Object: 'Object Repository/Katalon Shop (Ecommerce)/Page_Checkout  Katalon Shop/Page_Checkout  Katalon Shop/span_Malaysia' is clicked on

2023-11-03 15:57:18 - [MESSAGE][PASSED] - Object: 'Object Repository/Katalon Shop (Ecommerce)/Page_Checkout  Katalon Shop/Page_Checkout  Katalon Shop/span_Malaysia' is clicked on

2023-11-03 15:57:18 - [TEST_STEP][PASSED] - setText(findTestObject("Katalon Shop (Ecommerce)/Page_Checkout  Katalon Shop/input__select2-search__field"), country): Text 'Malaysia' is set on object 'Object Repository/Katalon Shop (Ecommerce)/Page_Checkout  Katalon Shop/input__select2-search__field'

2023-11-03 15:57:19 - [MESSAGE][PASSED] - Text 'Malaysia' is set on object 'Object Repository/Katalon Shop (Ecommerce)/Page_Checkout  Katalon Shop/input__select2-search__field'

2023-11-03 15:57:19 - [TEST_STEP][PASSED] - sendKeys(findTestObject("Katalon Shop (Ecommerce)/Page_Checkout  Katalon Shop/Page_Checkout  Katalon Shop/input__select2-search__field"), Keys.chord(ENTER)): Keys 'ENTER + ' sent to object: 'Object Repository/Katalon Shop (Ecommerce)/Page_Checkout  Katalon Shop/Page_Checkout  Katalon Shop/input__select2-search__field'

2023-11-03 15:57:20 - [MESSAGE][PASSED] - Keys 'ENTER + ' sent to object: 'Object Repository/Katalon Shop (Ecommerce)/Page_Checkout  Katalon Shop/Page_Checkout  Katalon Shop/input__select2-search__field'

2023-11-03 15:57:20 - [TEST_STEP][PASSED] - setText(findTestObject("Object Repository/Katalon Shop (Ecommerce)/Page_Checkout  Katalon Shop/input__billing_address_1"), billingAddress): Text 'Lot 4-10, Pavillion, Bukit Bintang' is set on object 'Object Repository/Katalon Shop (Ecommerce)/Page_Checkout  Katalon Shop/input__billing_address_1'

2023-11-03 15:57:21 - [MESSAGE][PASSED] - Text 'Lot 4-10, Pavillion, Bukit Bintang' is set on object 'Object Repository/Katalon Shop (Ecommerce)/Page_Checkout  Katalon Shop/input__billing_address_1'

2023-11-03 15:57:21 - [TEST_STEP][PASSED] - setText(findTestObject("Object Repository/Katalon Shop (Ecommerce)/Page_Checkout  Katalon Shop/input__billing_city"), billingTown): Text 'Keyel' is set on object 'Object Repository/Katalon Shop (Ecommerce)/Page_Checkout  Katalon Shop/input__billing_city'

2023-11-03 15:57:22 - [MESSAGE][PASSED] - Text 'Keyel' is set on object 'Object Repository/Katalon Shop (Ecommerce)/Page_Checkout  Katalon Shop/input__billing_city'

2023-11-03 15:57:22 - [TEST_STEP][PASSED] - click(findTestObject("Katalon Shop (Ecommerce)/Page_Checkout  Katalon Shop/Page_Checkout  Katalon Shop/span_Selangor")): Object: 'Object Repository/Katalon Shop (Ecommerce)/Page_Checkout  Katalon Shop/Page_Checkout  Katalon Shop/span_Selangor' is clicked on

2023-11-03 15:57:22 - [MESSAGE][PASSED] - Object: 'Object Repository/Katalon Shop (Ecommerce)/Page_Checkout  Katalon Shop/Page_Checkout  Katalon Shop/span_Selangor' is clicked on

2023-11-03 15:57:22 - [TEST_STEP][PASSED] - setText(findTestObject("Katalon Shop (Ecommerce)/Page_Checkout  Katalon Shop/input__select2-search__field"), billingState): Text 'Selangor' is set on object 'Object Repository/Katalon Shop (Ecommerce)/Page_Checkout  Katalon Shop/input__select2-search__field'

2023-11-03 15:57:23 - [MESSAGE][PASSED] - Text 'Selangor' is set on object 'Object Repository/Katalon Shop (Ecommerce)/Page_Checkout  Katalon Shop/input__select2-search__field'

2023-11-03 15:57:23 - [TEST_STEP][PASSED] - sendKeys(findTestObject("Katalon Shop (Ecommerce)/Page_Checkout  Katalon Shop/Page_Checkout  Katalon Shop/input__select2-search__field"), Keys.chord(ENTER)): Keys 'ENTER + ' sent to object: 'Object Repository/Katalon Shop (Ecommerce)/Page_Checkout  Katalon Shop/Page_Checkout  Katalon Shop/input__select2-search__field'

2023-11-03 15:57:24 - [MESSAGE][PASSED] - Keys 'ENTER + ' sent to object: 'Object Repository/Katalon Shop (Ecommerce)/Page_Checkout  Katalon Shop/Page_Checkout  Katalon Shop/input__select2-search__field'

2023-11-03 15:57:24 - [TEST_STEP][PASSED] - setText(findTestObject("Object Repository/Katalon Shop (Ecommerce)/Page_Checkout  Katalon Shop/input__billing_postcode"), billingPostcode): Text '621500' is set on object 'Object Repository/Katalon Shop (Ecommerce)/Page_Checkout  Katalon Shop/input__billing_postcode'

2023-11-03 15:57:24 - [MESSAGE][PASSED] - Text '621500' is set on object 'Object Repository/Katalon Shop (Ecommerce)/Page_Checkout  Katalon Shop/input__billing_postcode'

2023-11-03 15:57:24 - [TEST_STEP][PASSED] - setText(findTestObject("Object Repository/Katalon Shop (Ecommerce)/Page_Checkout  Katalon Shop/input__billing_phone"), billingPhone): Text '0359912894' is set on object 'Object Repository/Katalon Shop (Ecommerce)/Page_Checkout  Katalon Shop/input__billing_phone'

2023-11-03 15:57:25 - [MESSAGE][PASSED] - Text '0359912894' is set on object 'Object Repository/Katalon Shop (Ecommerce)/Page_Checkout  Katalon Shop/input__billing_phone'

2023-11-03 15:57:25 - [TEST_STEP][PASSED] - setText(findTestObject("Object Repository/Katalon Shop (Ecommerce)/Page_Checkout  Katalon Shop/input__billing_email"), billingEmail): Text 'testing@test.com' is set on object 'Object Repository/Katalon Shop (Ecommerce)/Page_Checkout  Katalon Shop/input__billing_email'

2023-11-03 15:57:26 - [MESSAGE][PASSED] - Text 'testing@test.com' is set on object 'Object Repository/Katalon Shop (Ecommerce)/Page_Checkout  Katalon Shop/input__billing_email'

2023-11-03 15:57:26 - [TEST_STEP][PASSED] - click(findTestObject("Object Repository/Katalon Shop (Ecommerce)/Page_Checkout  Katalon Shop/button_Place order")): Object: 'Object Repository/Katalon Shop (Ecommerce)/Page_Checkout  Katalon Shop/button_Place order' is clicked on

2023-11-03 15:57:27 - [MESSAGE][PASSED] - Object: 'Object Repository/Katalon Shop (Ecommerce)/Page_Checkout  Katalon Shop/button_Place order' is clicked on

2023-11-03 15:57:27 - [TEST_STEP][PASSED] - verifyElementPresent(findTestObject("Object Repository/Katalon Shop (Ecommerce)/Page_Checkout  Katalon Shop/h1_Checkout"), 0): Object 'Object Repository/Katalon Shop (Ecommerce)/Page_Checkout  Katalon Shop/h1_Checkout' is present

2023-11-03 15:57:27 - [MESSAGE][WARNING] - Timeout '0' is invalid. Using default page load timeout: '30'

2023-11-03 15:57:32 - [MESSAGE][PASSED] - Object 'Object Repository/Katalon Shop (Ecommerce)/Page_Checkout  Katalon Shop/h1_Checkout' is present

2023-11-03 15:57:32 - [TEST_STEP][PASSED] - verifyElementPresent(findTestObject("Object Repository/Katalon Shop (Ecommerce)/Page_Checkout  Katalon Shop/p_Thank you. Your order has been received"), 0): Object 'Object Repository/Katalon Shop (Ecommerce)/Page_Checkout  Katalon Shop/p_Thank you. Your order has been received' is present

2023-11-03 15:57:32 - [MESSAGE][WARNING] - Timeout '0' is invalid. Using default page load timeout: '30'

2023-11-03 15:57:32 - [MESSAGE][PASSED] - Object 'Object Repository/Katalon Shop (Ecommerce)/Page_Checkout  Katalon Shop/p_Thank you. Your order has been received' is present]]></system-out>
         <system-err><![CDATA[]]></system-err>
      </testcase>
      <testcase name="Test Cases/Day 02 - Training Day/Exercise 1/TC04 - Checkout Functionality/TC04_02 - (VNM) Checkout Functionality" time="29.924" classname="Test Cases/Day 02 - Training Day/Exercise 1/TC04 - Checkout Functionality/TC04_02 - (VNM) Checkout Functionality" status="PASSED">
         <system-out><![CDATA[2023-11-03 15:58:20 - [TEST_CASE][PASSED] - Test Cases/Day 02 - Training Day/Exercise 1/TC04 - Checkout Functionality/TC04_02 - (VNM) Checkout Functionality: Test Cases/Day 02 - Training Day/Exercise 1/TC04 - Checkout Functionality/TC04_02 - (VNM) Checkout Functionality

2023-11-03 15:58:20 - [TEST_STEP][PASSED] - openBrowser(""): Browser is opened with url: ''

2023-11-03 15:58:20 - [MESSAGE][WARNING] - A browser is already opened. Closing browser and opening a new one

2023-11-03 15:58:21 - [MESSAGE][INFO] - Starting 'Chrome' driver

2023-11-03 15:58:21 - [MESSAGE][INFO] - Action delay is set to 0 milliseconds

2023-11-03 15:58:23 - [MESSAGE][PASSED] - Browser is opened with url: ''

2023-11-03 15:58:23 - [TEST_STEP][PASSED] - navigateToUrl("https://cms.demo.katalon.com/"): Navigate to 'https://cms.demo.katalon.com/' successfully

2023-11-03 15:58:28 - [MESSAGE][PASSED] - Navigate to 'https://cms.demo.katalon.com/' successfully

2023-11-03 15:58:28 - [TEST_STEP][PASSED] - switchToWindowTitle("Katalon Shop – Katalon Ecommerce"): Switched to window with title: 'Katalon Shop – Katalon Ecommerce'

2023-11-03 15:58:28 - [MESSAGE][PASSED] - Switched to window with title: 'Katalon Shop – Katalon Ecommerce'

2023-11-03 15:58:28 - [TEST_STEP][PASSED] - click(findTestObject("Object Repository/Katalon Shop (Ecommerce)/Page_Katalon Shop  Katalon Ecommerce/a_Add to cart (1)")): Object: 'Object Repository/Katalon Shop (Ecommerce)/Page_Katalon Shop  Katalon Ecommerce/a_Add to cart (1)' is clicked on

2023-11-03 15:58:28 - [MESSAGE][PASSED] - Object: 'Object Repository/Katalon Shop (Ecommerce)/Page_Katalon Shop  Katalon Ecommerce/a_Add to cart (1)' is clicked on

2023-11-03 15:58:28 - [TEST_STEP][PASSED] - click(findTestObject("Object Repository/Katalon Shop (Ecommerce)/Page_Katalon Shop  Katalon Ecommerce/a_View cart (1)")): Object: 'Object Repository/Katalon Shop (Ecommerce)/Page_Katalon Shop  Katalon Ecommerce/a_View cart (1)' is clicked on

2023-11-03 15:58:32 - [MESSAGE][PASSED] - Object: 'Object Repository/Katalon Shop (Ecommerce)/Page_Katalon Shop  Katalon Ecommerce/a_View cart (1)' is clicked on

2023-11-03 15:58:32 - [TEST_STEP][PASSED] - click(findTestObject("Object Repository/Katalon Shop (Ecommerce)/Page_Cart  Katalon Shop/a_Proceed to checkout")): Object: 'Object Repository/Katalon Shop (Ecommerce)/Page_Cart  Katalon Shop/a_Proceed to checkout' is clicked on

2023-11-03 15:58:34 - [MESSAGE][PASSED] - Object: 'Object Repository/Katalon Shop (Ecommerce)/Page_Cart  Katalon Shop/a_Proceed to checkout' is clicked on

2023-11-03 15:58:34 - [TEST_STEP][PASSED] - setText(findTestObject("Object Repository/Katalon Shop (Ecommerce)/Page_Checkout  Katalon Shop/input__billing_first_name"), billingFirstName): Text 'Katalon' is set on object 'Object Repository/Katalon Shop (Ecommerce)/Page_Checkout  Katalon Shop/input__billing_first_name'

2023-11-03 15:58:35 - [MESSAGE][PASSED] - Text 'Katalon' is set on object 'Object Repository/Katalon Shop (Ecommerce)/Page_Checkout  Katalon Shop/input__billing_first_name'

2023-11-03 15:58:35 - [TEST_STEP][PASSED] - setText(findTestObject("Object Repository/Katalon Shop (Ecommerce)/Page_Checkout  Katalon Shop/input__billing_last_name"), billingLastName): Text 'Customer' is set on object 'Object Repository/Katalon Shop (Ecommerce)/Page_Checkout  Katalon Shop/input__billing_last_name'

2023-11-03 15:58:36 - [MESSAGE][PASSED] - Text 'Customer' is set on object 'Object Repository/Katalon Shop (Ecommerce)/Page_Checkout  Katalon Shop/input__billing_last_name'

2023-11-03 15:58:36 - [TEST_STEP][PASSED] - setText(findTestObject("Object Repository/Katalon Shop (Ecommerce)/Page_Checkout  Katalon Shop/input_(optional)_billing_company"), biliingCompany): Text 'KMS' is set on object 'Object Repository/Katalon Shop (Ecommerce)/Page_Checkout  Katalon Shop/input_(optional)_billing_company'

2023-11-03 15:58:37 - [MESSAGE][PASSED] - Text 'KMS' is set on object 'Object Repository/Katalon Shop (Ecommerce)/Page_Checkout  Katalon Shop/input_(optional)_billing_company'

2023-11-03 15:58:37 - [TEST_STEP][PASSED] - click(findTestObject("Object Repository/Katalon Shop (Ecommerce)/Page_Checkout  Katalon Shop/Page_Checkout  Katalon Shop/span_Malaysia")): Object: 'Object Repository/Katalon Shop (Ecommerce)/Page_Checkout  Katalon Shop/Page_Checkout  Katalon Shop/span_Malaysia' is clicked on

2023-11-03 15:58:38 - [MESSAGE][PASSED] - Object: 'Object Repository/Katalon Shop (Ecommerce)/Page_Checkout  Katalon Shop/Page_Checkout  Katalon Shop/span_Malaysia' is clicked on

2023-11-03 15:58:38 - [TEST_STEP][PASSED] - setText(findTestObject("Object Repository/Katalon Shop (Ecommerce)/Page_Checkout  Katalon Shop/input__select2-search__field"), country): Text 'Vietnam' is set on object 'Object Repository/Katalon Shop (Ecommerce)/Page_Checkout  Katalon Shop/input__select2-search__field'

2023-11-03 15:58:38 - [MESSAGE][PASSED] - Text 'Vietnam' is set on object 'Object Repository/Katalon Shop (Ecommerce)/Page_Checkout  Katalon Shop/input__select2-search__field'

2023-11-03 15:58:38 - [TEST_STEP][PASSED] - sendKeys(findTestObject("Katalon Shop (Ecommerce)/Page_Checkout  Katalon Shop/Page_Checkout  Katalon Shop/input__select2-search__field"), Keys.chord(ENTER)): Keys 'ENTER + ' sent to object: 'Object Repository/Katalon Shop (Ecommerce)/Page_Checkout  Katalon Shop/Page_Checkout  Katalon Shop/input__select2-search__field'

2023-11-03 15:58:39 - [MESSAGE][PASSED] - Keys 'ENTER + ' sent to object: 'Object Repository/Katalon Shop (Ecommerce)/Page_Checkout  Katalon Shop/Page_Checkout  Katalon Shop/input__select2-search__field'

2023-11-03 15:58:39 - [TEST_STEP][PASSED] - setText(findTestObject("Object Repository/Katalon Shop (Ecommerce)/Page_Checkout  Katalon Shop/input__billing_address_1"), billingAddress): Text '119 Nguyen Thi Thap' is set on object 'Object Repository/Katalon Shop (Ecommerce)/Page_Checkout  Katalon Shop/input__billing_address_1'

2023-11-03 15:58:40 - [MESSAGE][PASSED] - Text '119 Nguyen Thi Thap' is set on object 'Object Repository/Katalon Shop (Ecommerce)/Page_Checkout  Katalon Shop/input__billing_address_1'

2023-11-03 15:58:40 - [TEST_STEP][PASSED] - setText(findTestObject("Object Repository/Katalon Shop (Ecommerce)/Page_Checkout  Katalon Shop/input__billing_postcode"), billingPostcode): Text '70000' is set on object 'Object Repository/Katalon Shop (Ecommerce)/Page_Checkout  Katalon Shop/input__billing_postcode'

2023-11-03 15:58:41 - [MESSAGE][PASSED] - Text '70000' is set on object 'Object Repository/Katalon Shop (Ecommerce)/Page_Checkout  Katalon Shop/input__billing_postcode'

2023-11-03 15:58:41 - [TEST_STEP][PASSED] - setText(findTestObject("Object Repository/Katalon Shop (Ecommerce)/Page_Checkout  Katalon Shop/input__billing_city"), billingTown): Text 'HCM' is set on object 'Object Repository/Katalon Shop (Ecommerce)/Page_Checkout  Katalon Shop/input__billing_city'

2023-11-03 15:58:42 - [MESSAGE][PASSED] - Text 'HCM' is set on object 'Object Repository/Katalon Shop (Ecommerce)/Page_Checkout  Katalon Shop/input__billing_city'

2023-11-03 15:58:42 - [TEST_STEP][PASSED] - setText(findTestObject("Object Repository/Katalon Shop (Ecommerce)/Page_Checkout  Katalon Shop/input__billing_phone"), billingPhone): Text '0359912894' is set on object 'Object Repository/Katalon Shop (Ecommerce)/Page_Checkout  Katalon Shop/input__billing_phone'

2023-11-03 15:58:43 - [MESSAGE][PASSED] - Text '0359912894' is set on object 'Object Repository/Katalon Shop (Ecommerce)/Page_Checkout  Katalon Shop/input__billing_phone'

2023-11-03 15:58:43 - [TEST_STEP][PASSED] - setText(findTestObject("Object Repository/Katalon Shop (Ecommerce)/Page_Checkout  Katalon Shop/input__billing_email"), billingEmail): Text 'testing@test.com' is set on object 'Object Repository/Katalon Shop (Ecommerce)/Page_Checkout  Katalon Shop/input__billing_email'

2023-11-03 15:58:45 - [MESSAGE][PASSED] - Text 'testing@test.com' is set on object 'Object Repository/Katalon Shop (Ecommerce)/Page_Checkout  Katalon Shop/input__billing_email'

2023-11-03 15:58:45 - [TEST_STEP][PASSED] - click(findTestObject("Object Repository/Katalon Shop (Ecommerce)/Page_Checkout  Katalon Shop/button_Place order")): Object: 'Object Repository/Katalon Shop (Ecommerce)/Page_Checkout  Katalon Shop/button_Place order' is clicked on

2023-11-03 15:58:45 - [MESSAGE][PASSED] - Object: 'Object Repository/Katalon Shop (Ecommerce)/Page_Checkout  Katalon Shop/button_Place order' is clicked on

2023-11-03 15:58:45 - [TEST_STEP][PASSED] - verifyElementPresent(findTestObject("Object Repository/Katalon Shop (Ecommerce)/Page_Checkout  Katalon Shop/h1_Checkout"), 0): Object 'Object Repository/Katalon Shop (Ecommerce)/Page_Checkout  Katalon Shop/h1_Checkout' is present

2023-11-03 15:58:45 - [MESSAGE][WARNING] - Timeout '0' is invalid. Using default page load timeout: '30'

2023-11-03 15:58:49 - [MESSAGE][PASSED] - Object 'Object Repository/Katalon Shop (Ecommerce)/Page_Checkout  Katalon Shop/h1_Checkout' is present

2023-11-03 15:58:49 - [TEST_STEP][PASSED] - verifyElementPresent(findTestObject("Object Repository/Katalon Shop (Ecommerce)/Page_Checkout  Katalon Shop/p_Thank you. Your order has been received"), 0): Object 'Object Repository/Katalon Shop (Ecommerce)/Page_Checkout  Katalon Shop/p_Thank you. Your order has been received' is present

2023-11-03 15:58:49 - [MESSAGE][WARNING] - Timeout '0' is invalid. Using default page load timeout: '30'

2023-11-03 15:58:50 - [MESSAGE][PASSED] - Object 'Object Repository/Katalon Shop (Ecommerce)/Page_Checkout  Katalon Shop/p_Thank you. Your order has been received' is present]]></system-out>
         <system-err><![CDATA[]]></system-err>
      </testcase>
      <system-out><![CDATA[2023-11-03 15:54:22 - [TEST_SUITE][FAILED] - Test TS: Test Cases/Day 02 - Training Day/Exercise 1/TC03 - Add to Cart Functionality FAILED.
Reason:
com.kms.katalon.core.exception.StepFailedException: Unable to verify object 'Object Repository/Katalon Shop (Ecommerce)/Page_Cart  Katalon Shop/a_Happy Ninja' is present
	at com.kms.katalon.core.webui.keyword.internal.WebUIKeywordMain.stepFailed(WebUIKeywordMain.groovy:64)
	at com.kms.katalon.core.webui.keyword.internal.WebUIKeywordMain.runKeyword(WebUIKeywordMain.groovy:26)
	at com.kms.katalon.core.webui.keyword.builtin.VerifyElementPresentKeyword.verifyElementPresent(VerifyElementPresentKeyword.groovy:92)
	at com.kms.katalon.core.webui.keyword.builtin.VerifyElementPresentKeyword.execute(VerifyElementPresentKeyword.groovy:68)
	at com.kms.katalon.core.keyword.internal.KeywordExecutor.executeKeywordForPlatform(KeywordExecutor.groovy:74)
	at com.kms.katalon.core.webui.keyword.WebUiBuiltInKeywords.verifyElementPresent(WebUiBuiltInKeywords.groovy:1464)
	at com.kms.katalon.core.webui.keyword.WebUiBuiltInKeywords$verifyElementPresent$5.call(Unknown Source)
	at TC03 - Add to Cart Functionality.run(TC03 - Add to Cart Functionality:31)
	at com.kms.katalon.core.main.ScriptEngine.run(ScriptEngine.java:194)
	at com.kms.katalon.core.main.ScriptEngine.runScriptAsRawText(ScriptEngine.java:119)
	at com.kms.katalon.core.main.TestCaseExecutor.runScript(TestCaseExecutor.java:448)
	at com.kms.katalon.core.main.TestCaseExecutor.doExecute(TestCaseExecutor.java:439)
	at com.kms.katalon.core.main.TestCaseExecutor.processExecutionPhase(TestCaseExecutor.java:418)
	at com.kms.katalon.core.main.TestCaseExecutor.accessMainPhase(TestCaseExecutor.java:410)
	at com.kms.katalon.core.main.TestCaseExecutor.execute(TestCaseExecutor.java:285)
	at com.kms.katalon.core.common.CommonExecutor.accessTestCaseMainPhase(CommonExecutor.java:65)
	at com.kms.katalon.core.main.TestSuiteExecutor.accessTestSuiteMainPhase(TestSuiteExecutor.java:148)
	at com.kms.katalon.core.main.TestSuiteExecutor.execute(TestSuiteExecutor.java:106)
	at com.kms.katalon.core.main.TestCaseMain.startTestSuite(TestCaseMain.java:187)
	at com.kms.katalon.core.main.TestCaseMain$startTestSuite$0.call(Unknown Source)
	at TempTestSuite1698998056421.run(TempTestSuite1698998056421.groovy:36)
Caused by: com.kms.katalon.core.exception.StepFailedException: com.kms.katalon.core.webui.exception.WebElementNotFoundException: Web element with id: 'Object Repository/Katalon Shop (Ecommerce)/Page_Cart  Katalon Shop/a_Happy Ninja' located by '//article[@id='post-8']/div/div/form/table/tbody/tr[2]/td[3]/a' not found
	at com.kms.katalon.core.webui.keyword.internal.WebUIKeywordMain.stepFailed(WebUIKeywordMain.groovy:64)
	at com.kms.katalon.core.webui.keyword.builtin.VerifyElementPresentKeyword$_verifyElementPresent_closure1.doCall(VerifyElementPresentKeyword.groovy:85)
	at com.kms.katalon.core.webui.keyword.builtin.VerifyElementPresentKeyword$_verifyElementPresent_closure1.call(VerifyElementPresentKeyword.groovy)
	at com.kms.katalon.core.webui.keyword.internal.WebUIKeywordMain.runKeyword(WebUIKeywordMain.groovy:20)
	... 19 more]]></system-out>
      <system-err><![CDATA[2023-11-03 15:54:22 - [TEST_SUITE][FAILED] - Test TS: Test Cases/Day 02 - Training Day/Exercise 1/TC03 - Add to Cart Functionality FAILED.
Reason:
com.kms.katalon.core.exception.StepFailedException: Unable to verify object 'Object Repository/Katalon Shop (Ecommerce)/Page_Cart  Katalon Shop/a_Happy Ninja' is present
	at com.kms.katalon.core.webui.keyword.internal.WebUIKeywordMain.stepFailed(WebUIKeywordMain.groovy:64)
	at com.kms.katalon.core.webui.keyword.internal.WebUIKeywordMain.runKeyword(WebUIKeywordMain.groovy:26)
	at com.kms.katalon.core.webui.keyword.builtin.VerifyElementPresentKeyword.verifyElementPresent(VerifyElementPresentKeyword.groovy:92)
	at com.kms.katalon.core.webui.keyword.builtin.VerifyElementPresentKeyword.execute(VerifyElementPresentKeyword.groovy:68)
	at com.kms.katalon.core.keyword.internal.KeywordExecutor.executeKeywordForPlatform(KeywordExecutor.groovy:74)
	at com.kms.katalon.core.webui.keyword.WebUiBuiltInKeywords.verifyElementPresent(WebUiBuiltInKeywords.groovy:1464)
	at com.kms.katalon.core.webui.keyword.WebUiBuiltInKeywords$verifyElementPresent$5.call(Unknown Source)
	at TC03 - Add to Cart Functionality.run(TC03 - Add to Cart Functionality:31)
	at com.kms.katalon.core.main.ScriptEngine.run(ScriptEngine.java:194)
	at com.kms.katalon.core.main.ScriptEngine.runScriptAsRawText(ScriptEngine.java:119)
	at com.kms.katalon.core.main.TestCaseExecutor.runScript(TestCaseExecutor.java:448)
	at com.kms.katalon.core.main.TestCaseExecutor.doExecute(TestCaseExecutor.java:439)
	at com.kms.katalon.core.main.TestCaseExecutor.processExecutionPhase(TestCaseExecutor.java:418)
	at com.kms.katalon.core.main.TestCaseExecutor.accessMainPhase(TestCaseExecutor.java:410)
	at com.kms.katalon.core.main.TestCaseExecutor.execute(TestCaseExecutor.java:285)
	at com.kms.katalon.core.common.CommonExecutor.accessTestCaseMainPhase(CommonExecutor.java:65)
	at com.kms.katalon.core.main.TestSuiteExecutor.accessTestSuiteMainPhase(TestSuiteExecutor.java:148)
	at com.kms.katalon.core.main.TestSuiteExecutor.execute(TestSuiteExecutor.java:106)
	at com.kms.katalon.core.main.TestCaseMain.startTestSuite(TestCaseMain.java:187)
	at com.kms.katalon.core.main.TestCaseMain$startTestSuite$0.call(Unknown Source)
	at TempTestSuite1698998056421.run(TempTestSuite1698998056421.groovy:36)
Caused by: com.kms.katalon.core.exception.StepFailedException: com.kms.katalon.core.webui.exception.WebElementNotFoundException: Web element with id: 'Object Repository/Katalon Shop (Ecommerce)/Page_Cart  Katalon Shop/a_Happy Ninja' located by '//article[@id='post-8']/div/div/form/table/tbody/tr[2]/td[3]/a' not found
	at com.kms.katalon.core.webui.keyword.internal.WebUIKeywordMain.stepFailed(WebUIKeywordMain.groovy:64)
	at com.kms.katalon.core.webui.keyword.builtin.VerifyElementPresentKeyword$_verifyElementPresent_closure1.doCall(VerifyElementPresentKeyword.groovy:85)
	at com.kms.katalon.core.webui.keyword.builtin.VerifyElementPresentKeyword$_verifyElementPresent_closure1.call(VerifyElementPresentKeyword.groovy)
	at com.kms.katalon.core.webui.keyword.internal.WebUIKeywordMain.runKeyword(WebUIKeywordMain.groovy:20)
	... 19 more]]></system-err>
   </testsuite>
</testsuites>
